<?xml version="1.0" encoding="UTF-8"?>
<coverage generated="1492570294468" clover="3.2.0">
  <project timestamp="1492570294469" name="All files">
    <metrics statements="27" coveredstatements="27" conditionals="0" coveredconditionals="0" methods="11" coveredmethods="10" elements="38" coveredelements="37" complexity="0" loc="27" ncloc="27" packages="1" files="2" classes="2">
      <file name="groceryApp.js" path="C:\Users\tlc\Desktop\homework1\ui\components\groceryApp.js">
        <metrics statements="16" coveredstatements="16" conditionals="0" coveredconditionals="0" methods="5" coveredmethods="5"/>
        <line num="8" count="1" type="stmt"/>
        <line num="10" count="1" type="stmt"/>
        <line num="11" count="1" type="stmt"/>
        <line num="12" count="1" type="stmt"/>
        <line num="13" count="1" type="stmt"/>
        <line num="14" count="1" type="stmt"/>
        <line num="15" count="1" type="stmt"/>
        <line num="16" count="1" type="stmt"/>
        <line num="20" count="1" type="stmt"/>
        <line num="21" count="1" type="stmt"/>
        <line num="25" count="1" type="stmt"/>
        <line num="26" count="1" type="stmt"/>
        <line num="30" count="1" type="stmt"/>
        <line num="31" count="1" type="stmt"/>
        <line num="35" count="5" type="stmt"/>
        <line num="53" count="1" type="stmt"/>
      </file>
      <file name="listApp.js" path="C:\Users\tlc\Desktop\homework1\ui\components\listApp.js">
        <metrics statements="11" coveredstatements="11" conditionals="0" coveredconditionals="0" methods="6" coveredmethods="5"/>
        <line num="5" count="3" type="stmt"/>
        <line num="6" count="3" type="stmt"/>
        <line num="7" count="3" type="stmt"/>
        <line num="8" count="3" type="stmt"/>
        <line num="12" count="8" type="stmt"/>
        <line num="13" count="14" type="stmt"/>
        <line num="15" count="8" type="stmt"/>
        <line num="16" count="8" type="stmt"/>
        <line num="20" count="7" type="stmt"/>
        <line num="24" count="10" type="stmt"/>
        <line num="30" count="2" type="stmt"/>
      </file>
    </metrics>
  </project>
</coverage>
