TN:
SF:C:\Users\tlc\Desktop\homework1\ui\components\groceryApp.js
FN:7,(anonymous_0)
FN:19,(anonymous_1)
FN:24,(anonymous_2)
FN:29,(anonymous_3)
FN:34,(anonymous_4)
FNF:5
FNH:5
FNDA:1,(anonymous_0)
FNDA:1,(anonymous_1)
FNDA:1,(anonymous_2)
FNDA:1,(anonymous_3)
FNDA:5,(anonymous_4)
DA:8,1
DA:10,1
DA:11,1
DA:12,1
DA:13,1
DA:14,1
DA:15,1
DA:16,1
DA:20,1
DA:21,1
DA:25,1
DA:26,1
DA:30,1
DA:31,1
DA:35,5
DA:53,1
LF:16
LH:16
BRF:0
BRH:0
end_of_record
TN:
SF:C:\Users\tlc\Desktop\homework1\ui\components\listApp.js
FN:4,(anonymous_0)
FN:11,(anonymous_1)
FN:12,(anonymous_2)
FN:19,(anonymous_3)
FN:23,(anonymous_4)
FN:24,(anonymous_5)
FNF:6
FNH:5
FNDA:3,(anonymous_0)
FNDA:8,(anonymous_1)
FNDA:14,(anonymous_2)
FNDA:7,(anonymous_3)
FNDA:10,(anonymous_4)
FNDA:0,(anonymous_5)
DA:5,3
DA:6,3
DA:7,3
DA:8,3
DA:12,8
DA:13,14
DA:15,8
DA:16,8
DA:20,7
DA:24,10
DA:30,2
LF:11
LH:11
BRF:0
BRH:0
end_of_record
